<?xml version="1.0" encoding="UTF-8"?>
<!-- Generated by org.testng.reporters.JUnitReportReporter -->
<testsuite hostname="DESKTOP-N2LH6CI" failures="0" tests="1" name="testcases.UpLoadPageTest" time="15.674" errors="0" timestamp="2022-07-23T16:14:40 AEST" skipped="0">
  <testcase classname="testcases.UpLoadPageTest" name="validateUpLoadPage" time="15.674"/>
  <system-out/>
</testsuite> <!-- testcases.UpLoadPageTest -->
