<?xml version="1.0" encoding="UTF-8"?>
<!-- Generated by org.testng.reporters.JUnitReportReporter -->
<testsuite hostname="DESKTOP-N2LH6CI" failures="0" tests="1" name="testcases.ContactFormPageTest" time="10.955" errors="0" timestamp="2022-07-24T00:02:50 AEST" skipped="0">
  <testcase classname="testcases.ContactFormPageTest" name="validateContactUsForm" time="10.955"/>
  <system-out/>
</testsuite> <!-- testcases.ContactFormPageTest -->
