<?xml version="1.0" encoding="UTF-8"?>
<!-- Generated by org.testng.reporters.JUnitReportReporter -->
<testsuite hostname="DESKTOP-N2LH6CI" failures="0" tests="3" name="testcases.SignInTestUsingExcelFile" time="60.032" errors="0" timestamp="2022-07-24T00:14:58 AEST" skipped="0">
  <testcase classname="testcases.SignInTestUsingExcelFile" name="validateSignInPage" time="19.812"/>
  <system-out/>
  <testcase classname="testcases.SignInTestUsingExcelFile" name="validateSignInPage" time="20.598"/>
  <system-out/>
  <testcase classname="testcases.SignInTestUsingExcelFile" name="validateSignInPage" time="19.622"/>
  <system-out/>
</testsuite> <!-- testcases.SignInTestUsingExcelFile -->
