<?xml version="1.0" encoding="UTF-8"?>
<!-- Generated by org.testng.reporters.JUnitReportReporter -->
<testsuite hostname="DESKTOP-N2LH6CI" failures="0" tests="1" name="testcases.AccordionPageFunctionTest" time="12.557" errors="0" timestamp="2022-07-24T00:02:50 AEST" skipped="0">
  <testcase classname="testcases.AccordionPageFunctionTest" name="validateAccordions" time="12.557"/>
  <system-out/>
</testsuite> <!-- testcases.AccordionPageFunctionTest -->
