<?xml version="1.0" encoding="UTF-8"?>
<!-- Generated by org.testng.reporters.JUnitReportReporter -->
<testsuite hostname="DESKTOP-N2LH6CI" failures="0" tests="1" name="testcases.AccordionPageFunctionTest" time="17.978" errors="0" timestamp="2022-07-23T16:14:40 AEST" skipped="0">
  <testcase classname="testcases.AccordionPageFunctionTest" name="validateAccordions" time="17.978"/>
  <system-out/>
</testsuite> <!-- testcases.AccordionPageFunctionTest -->
