<?xml version="1.0" encoding="UTF-8"?>
<!-- Generated by org.testng.reporters.JUnitReportReporter -->
<testsuite hostname="DESKTOP-N2LH6CI" failures="0" tests="3" name="testcases.SignInTestUsingExcelFile" time="112.045" errors="0" timestamp="2022-07-23T22:22:00 AEST" skipped="0">
  <testcase classname="testcases.SignInTestUsingExcelFile" name="validateSignInPage" time="43.263"/>
  <system-out/>
  <testcase classname="testcases.SignInTestUsingExcelFile" name="validateSignInPage" time="41.445"/>
  <system-out/>
  <testcase classname="testcases.SignInTestUsingExcelFile" name="validateSignInPage" time="27.337"/>
  <system-out/>
</testsuite> <!-- testcases.SignInTestUsingExcelFile -->
