<?xml version="1.0" encoding="UTF-8"?>
<!-- Generated by org.testng.reporters.JUnitReportReporter -->
<testsuite hostname="DESKTOP-N2LH6CI" failures="0" tests="3" name="testcases.SignInTestUsingExcelFile" time="63.802" errors="0" timestamp="2022-07-24T00:02:50 AEST" skipped="0">
  <testcase classname="testcases.SignInTestUsingExcelFile" name="validateSignInPage" time="21.068"/>
  <system-out/>
  <testcase classname="testcases.SignInTestUsingExcelFile" name="validateSignInPage" time="21.668"/>
  <system-out/>
  <testcase classname="testcases.SignInTestUsingExcelFile" name="validateSignInPage" time="21.066"/>
  <system-out/>
</testsuite> <!-- testcases.SignInTestUsingExcelFile -->
