<?xml version="1.0" encoding="UTF-8"?>
<!-- Generated by org.testng.reporters.JUnitReportReporter -->
<testsuite hostname="DESKTOP-N2LH6CI" failures="0" tests="1" name="testcases.AccordionPageFunctionTest" time="13.298" errors="0" timestamp="2022-07-23T22:22:00 AEST" skipped="0">
  <testcase classname="testcases.AccordionPageFunctionTest" name="validateAccordions" time="13.298"/>
  <system-out/>
</testsuite> <!-- testcases.AccordionPageFunctionTest -->
