<?xml version="1.0" encoding="UTF-8"?>
<!-- Generated by org.testng.reporters.JUnitReportReporter -->
<testsuite hostname="DESKTOP-N2LH6CI" failures="0" tests="3" name="testcases.SignInTestUsingExcelFile" time="84.716" errors="0" timestamp="2022-07-23T16:14:40 AEST" skipped="0">
  <testcase classname="testcases.SignInTestUsingExcelFile" name="validateSignInPage" time="26.787"/>
  <system-out/>
  <testcase classname="testcases.SignInTestUsingExcelFile" name="validateSignInPage" time="30.562"/>
  <system-out/>
  <testcase classname="testcases.SignInTestUsingExcelFile" name="validateSignInPage" time="27.367"/>
  <system-out/>
</testsuite> <!-- testcases.SignInTestUsingExcelFile -->
