<?xml version="1.0" encoding="UTF-8"?>
<!-- Generated by org.testng.reporters.JUnitReportReporter -->
<testsuite hostname="DESKTOP-N2LH6CI" failures="0" tests="1" name="testcases.ContactFormPageTest" time="13.545" errors="0" timestamp="2022-07-23T16:14:40 AEST" skipped="0">
  <testcase classname="testcases.ContactFormPageTest" name="validateContactUsForm" time="13.545"/>
  <system-out/>
</testsuite> <!-- testcases.ContactFormPageTest -->
